# This is the CMakeCache file.
# For build in directory: /home/anerruption/Desktop/Coding/tenacity/cmake-build-release
# It was generated by CMake: /home/anerruption/.local/share/JetBrains/Toolbox/apps/CLion/ch-0/231.9161.40/bin/cmake/linux/x64/bin/cmake
# You can edit this file to change values found and used by cmake.
# If you do not want to change any of the values, simply exit the editor.
# If you do want to change a value, simply edit, save, and exit the editor.
# The syntax for the file is as follows:
# KEY:TYPE=VALUE
# KEY is the name of a variable in the cache.
# TYPE is a hint to GUIs for the type of VALUE, DO NOT EDIT TYPE!.
# VALUE is the current value for the KEY.

########################
# EXTERNAL cache entries
########################

//0 for alpha, 1 for beta, 2 for release builds
AUDACITY_BUILD_LEVEL:STRING=1

//Build Tenacity's libraries as static libraries
BUILD_STATIC_LIBS:BOOL=OFF

//Path to a program.
CCACHE_PROGRAM:FILEPATH=/usr/bin/ccache

//Path to a program.
CMAKE_ADDR2LINE:FILEPATH=/usr/bin/addr2line

//Path to a program.
CMAKE_AR:FILEPATH=/usr/bin/ar

//NASM compiler
CMAKE_ASM_NASM_COMPILER:FILEPATH=/usr/bin/nasm

//Choose the type of build, options are: None Debug Release RelWithDebInfo
// MinSizeRel ...
CMAKE_BUILD_TYPE:STRING=Release

//Enable colored diagnostics throughout.
CMAKE_COLOR_DIAGNOSTICS:BOOL=ON

//CXX compiler
CMAKE_CXX_COMPILER:FILEPATH=/usr/bin/c++

//A wrapper around 'ar' adding the appropriate '--plugin' option
// for the GCC compiler
CMAKE_CXX_COMPILER_AR:FILEPATH=/usr/bin/gcc-ar

//A wrapper around 'ranlib' adding the appropriate '--plugin' option
// for the GCC compiler
CMAKE_CXX_COMPILER_RANLIB:FILEPATH=/usr/bin/gcc-ranlib

//Flags used by the CXX compiler during all build types.
CMAKE_CXX_FLAGS:STRING=

//Flags used by the CXX compiler during DEBUG builds.
CMAKE_CXX_FLAGS_DEBUG:STRING=-g

//Flags used by the CXX compiler during MINSIZEREL builds.
CMAKE_CXX_FLAGS_MINSIZEREL:STRING=-Os -DNDEBUG

//Flags used by the CXX compiler during RELEASE builds.
CMAKE_CXX_FLAGS_RELEASE:STRING=-O3 -DNDEBUG

//Flags used by the CXX compiler during RELWITHDEBINFO builds.
CMAKE_CXX_FLAGS_RELWITHDEBINFO:STRING=-O2 -g -DNDEBUG

//C compiler
CMAKE_C_COMPILER:FILEPATH=/usr/bin/cc

//A wrapper around 'ar' adding the appropriate '--plugin' option
// for the GCC compiler
CMAKE_C_COMPILER_AR:FILEPATH=/usr/bin/gcc-ar

//A wrapper around 'ranlib' adding the appropriate '--plugin' option
// for the GCC compiler
CMAKE_C_COMPILER_RANLIB:FILEPATH=/usr/bin/gcc-ranlib

//Flags used by the C compiler during all build types.
CMAKE_C_FLAGS:STRING=

//Flags used by the C compiler during DEBUG builds.
CMAKE_C_FLAGS_DEBUG:STRING=-g

//Flags used by the C compiler during MINSIZEREL builds.
CMAKE_C_FLAGS_MINSIZEREL:STRING=-Os -DNDEBUG

//Flags used by the C compiler during RELEASE builds.
CMAKE_C_FLAGS_RELEASE:STRING=-O3 -DNDEBUG

//Flags used by the C compiler during RELWITHDEBINFO builds.
CMAKE_C_FLAGS_RELWITHDEBINFO:STRING=-O2 -g -DNDEBUG

//Path to a program.
CMAKE_DLLTOOL:FILEPATH=CMAKE_DLLTOOL-NOTFOUND

//Flags used by the linker during all build types.
CMAKE_EXE_LINKER_FLAGS:STRING=

//Flags used by the linker during DEBUG builds.
CMAKE_EXE_LINKER_FLAGS_DEBUG:STRING=

//Flags used by the linker during MINSIZEREL builds.
CMAKE_EXE_LINKER_FLAGS_MINSIZEREL:STRING=

//Flags used by the linker during RELEASE builds.
CMAKE_EXE_LINKER_FLAGS_RELEASE:STRING=

//Flags used by the linker during RELWITHDEBINFO builds.
CMAKE_EXE_LINKER_FLAGS_RELWITHDEBINFO:STRING=

//Enable/Disable output of compile commands during generation.
CMAKE_EXPORT_COMPILE_COMMANDS:BOOL=

//Value Computed by CMake.
CMAKE_FIND_PACKAGE_REDIRECTS_DIR:STATIC=/home/anerruption/Desktop/Coding/tenacity/cmake-build-release/CMakeFiles/pkgRedirects

//User executables (bin)
CMAKE_INSTALL_BINDIR:PATH=bin

//Read-only architecture-independent data (DATAROOTDIR)
CMAKE_INSTALL_DATADIR:PATH=

//Read-only architecture-independent data root (share)
CMAKE_INSTALL_DATAROOTDIR:PATH=share

//Documentation root (DATAROOTDIR/doc/PROJECT_NAME)
CMAKE_INSTALL_DOCDIR:PATH=

//C header files (include)
CMAKE_INSTALL_INCLUDEDIR:PATH=include

//Info documentation (DATAROOTDIR/info)
CMAKE_INSTALL_INFODIR:PATH=

//Object code libraries (lib64)
CMAKE_INSTALL_LIBDIR:PATH=lib64

//Program executables (libexec)
CMAKE_INSTALL_LIBEXECDIR:PATH=libexec

//Locale-dependent data (DATAROOTDIR/locale)
CMAKE_INSTALL_LOCALEDIR:PATH=

//Modifiable single-machine data (var)
CMAKE_INSTALL_LOCALSTATEDIR:PATH=var

//Man documentation (DATAROOTDIR/man)
CMAKE_INSTALL_MANDIR:PATH=

//C header files for non-gcc (/usr/include)
CMAKE_INSTALL_OLDINCLUDEDIR:PATH=/usr/include

//Install path prefix, prepended onto install directories.
CMAKE_INSTALL_PREFIX:PATH=/usr/local

//Run-time variable data (LOCALSTATEDIR/run)
CMAKE_INSTALL_RUNSTATEDIR:PATH=

//System admin executables (sbin)
CMAKE_INSTALL_SBINDIR:PATH=sbin

//Modifiable architecture-independent data (com)
CMAKE_INSTALL_SHAREDSTATEDIR:PATH=com

//Read-only single-machine data (etc)
CMAKE_INSTALL_SYSCONFDIR:PATH=etc

//Path to a program.
CMAKE_LINKER:FILEPATH=/usr/bin/ld

//No help, variable specified on the command line.
CMAKE_MAKE_PROGRAM:UNINITIALIZED=/home/anerruption/.local/share/JetBrains/Toolbox/apps/CLion/ch-0/231.9161.40/bin/ninja/linux/x64/ninja

//Flags used by the linker during the creation of modules during
// all build types.
CMAKE_MODULE_LINKER_FLAGS:STRING=

//Flags used by the linker during the creation of modules during
// DEBUG builds.
CMAKE_MODULE_LINKER_FLAGS_DEBUG:STRING=

//Flags used by the linker during the creation of modules during
// MINSIZEREL builds.
CMAKE_MODULE_LINKER_FLAGS_MINSIZEREL:STRING=

//Flags used by the linker during the creation of modules during
// RELEASE builds.
CMAKE_MODULE_LINKER_FLAGS_RELEASE:STRING=

//Flags used by the linker during the creation of modules during
// RELWITHDEBINFO builds.
CMAKE_MODULE_LINKER_FLAGS_RELWITHDEBINFO:STRING=

//Path to a program.
CMAKE_NM:FILEPATH=/usr/bin/nm

//Path to a program.
CMAKE_OBJCOPY:FILEPATH=/usr/bin/objcopy

//Path to a program.
CMAKE_OBJDUMP:FILEPATH=/usr/bin/objdump

//Value Computed by CMake
CMAKE_PROJECT_DESCRIPTION:STATIC=

//Value Computed by CMake
CMAKE_PROJECT_HOMEPAGE_URL:STATIC=

//Value Computed by CMake
CMAKE_PROJECT_NAME:STATIC=Tenacity

//Path to a program.
CMAKE_RANLIB:FILEPATH=/usr/bin/ranlib

//Path to a program.
CMAKE_READELF:FILEPATH=/usr/bin/readelf

//Flags used by the linker during the creation of shared libraries
// during all build types.
CMAKE_SHARED_LINKER_FLAGS:STRING=

//Flags used by the linker during the creation of shared libraries
// during DEBUG builds.
CMAKE_SHARED_LINKER_FLAGS_DEBUG:STRING=

//Flags used by the linker during the creation of shared libraries
// during MINSIZEREL builds.
CMAKE_SHARED_LINKER_FLAGS_MINSIZEREL:STRING=

//Flags used by the linker during the creation of shared libraries
// during RELEASE builds.
CMAKE_SHARED_LINKER_FLAGS_RELEASE:STRING=

//Flags used by the linker during the creation of shared libraries
// during RELWITHDEBINFO builds.
CMAKE_SHARED_LINKER_FLAGS_RELWITHDEBINFO:STRING=

//If set, runtime paths are not added when installing shared libraries,
// but are added when building.
CMAKE_SKIP_INSTALL_RPATH:BOOL=NO

//If set, runtime paths are not added when using shared libraries.
CMAKE_SKIP_RPATH:BOOL=NO

//Flags used by the linker during the creation of static libraries
// during all build types.
CMAKE_STATIC_LINKER_FLAGS:STRING=

//Flags used by the linker during the creation of static libraries
// during DEBUG builds.
CMAKE_STATIC_LINKER_FLAGS_DEBUG:STRING=

//Flags used by the linker during the creation of static libraries
// during MINSIZEREL builds.
CMAKE_STATIC_LINKER_FLAGS_MINSIZEREL:STRING=

//Flags used by the linker during the creation of static libraries
// during RELEASE builds.
CMAKE_STATIC_LINKER_FLAGS_RELEASE:STRING=

//Flags used by the linker during the creation of static libraries
// during RELWITHDEBINFO builds.
CMAKE_STATIC_LINKER_FLAGS_RELWITHDEBINFO:STRING=

//Path to a program.
CMAKE_STRIP:FILEPATH=/usr/bin/strip

//If this value is on, makefiles will be generated without the
// .SILENT directive, and all commands will be echoed to the console
// during the make.  This is useful for debugging only. With Visual
// Studio IDE projects all commands are done without /nologo.
CMAKE_VERBOSE_MAKEFILE:BOOL=FALSE

//Path to a file.
EXPAT_INCLUDE_DIR:PATH=/usr/include

//Path to a library.
EXPAT_LIBRARY:FILEPATH=/usr/lib64/libexpat.so

//Git command line client
GIT_EXECUTABLE:FILEPATH=/usr/bin/git

//Path to a file.
OPENGL_EGL_INCLUDE_DIR:PATH=/usr/include

//Path to a file.
OPENGL_GLX_INCLUDE_DIR:PATH=/usr/include

//Path to a file.
OPENGL_INCLUDE_DIR:PATH=/usr/include

//Path to a library.
OPENGL_egl_LIBRARY:FILEPATH=/usr/lib/libEGL.so

//Path to a library.
OPENGL_glu_LIBRARY:FILEPATH=/usr/lib/libGLU.so

//Path to a library.
OPENGL_glx_LIBRARY:FILEPATH=/usr/lib/libGLX.so

//Path to a library.
OPENGL_opengl_LIBRARY:FILEPATH=/usr/lib/libOpenGL.so

//Path to a file.
OPENGL_xmesa_INCLUDE_DIR:PATH=OPENGL_xmesa_INCLUDE_DIR-NOTFOUND

//Arguments to supply to pkg-config
PKG_CONFIG_ARGN:STRING=

//pkg-config executable
PKG_CONFIG_EXECUTABLE:FILEPATH=/usr/bin/pkg-config

//Path to a program.
SCCACHE_PROGRAM:FILEPATH=SCCACHE_PROGRAM-NOTFOUND

//Soxr include directory
Soxr_INCLUDE_DIR:PATH=Soxr_INCLUDE_DIR-NOTFOUND

//Soxr library
Soxr_LIBRARY:FILEPATH=Soxr_LIBRARY-NOTFOUND

//Value Computed by CMake
Tenacity_BINARY_DIR:STATIC=/home/anerruption/Desktop/Coding/tenacity/cmake-build-release

//Value Computed by CMake
Tenacity_IS_TOP_LEVEL:STATIC=ON

//Value Computed by CMake
Tenacity_SOURCE_DIR:STATIC=/home/anerruption/Desktop/Coding/tenacity

//Use vcpkg for dependencies
VCPKG:BOOL=OFF

//Path to a file.
ZLIB_INCLUDE_DIR:PATH=/usr/include

//Path to a library.
ZLIB_LIBRARY_DEBUG:FILEPATH=ZLIB_LIBRARY_DEBUG-NOTFOUND

//Path to a library.
ZLIB_LIBRARY_RELEASE:FILEPATH=/usr/lib/libz.so

//LAME include directory
mp3lame_INCLUDE_DIR:PATH=/usr/include

//LAME library
mp3lame_LIBRARY:FILEPATH=/usr/lib/libmp3lame.so

//Path to a library.
pkgcfg_lib_PC_EXPAT_expat:FILEPATH=/usr/lib64/libexpat.so

//Path to a library.
pkgcfg_lib_SndFile_sndfile:FILEPATH=/usr/lib64/libsndfile.so


########################
# INTERNAL cache entries
########################

//ADVANCED property for variable: CCACHE_PROGRAM
CCACHE_PROGRAM-ADVANCED:INTERNAL=1
//ADVANCED property for variable: CMAKE_ADDR2LINE
CMAKE_ADDR2LINE-ADVANCED:INTERNAL=1
//ADVANCED property for variable: CMAKE_AR
CMAKE_AR-ADVANCED:INTERNAL=1
//ADVANCED property for variable: CMAKE_ASM_NASM_COMPILER
CMAKE_ASM_NASM_COMPILER-ADVANCED:INTERNAL=1
//This is the directory where this CMakeCache.txt was created
CMAKE_CACHEFILE_DIR:INTERNAL=/home/anerruption/Desktop/Coding/tenacity/cmake-build-release
//Major version of cmake used to create the current loaded cache
CMAKE_CACHE_MAJOR_VERSION:INTERNAL=3
//Minor version of cmake used to create the current loaded cache
CMAKE_CACHE_MINOR_VERSION:INTERNAL=25
//Patch version of cmake used to create the current loaded cache
CMAKE_CACHE_PATCH_VERSION:INTERNAL=2
//Path to CMake executable.
CMAKE_COMMAND:INTERNAL=/home/anerruption/.local/share/JetBrains/Toolbox/apps/CLion/ch-0/231.9161.40/bin/cmake/linux/x64/bin/cmake
//Path to cpack program executable.
CMAKE_CPACK_COMMAND:INTERNAL=/home/anerruption/.local/share/JetBrains/Toolbox/apps/CLion/ch-0/231.9161.40/bin/cmake/linux/x64/bin/cpack
//Path to ctest program executable.
CMAKE_CTEST_COMMAND:INTERNAL=/home/anerruption/.local/share/JetBrains/Toolbox/apps/CLion/ch-0/231.9161.40/bin/cmake/linux/x64/bin/ctest
//ADVANCED property for variable: CMAKE_CXX_COMPILER
CMAKE_CXX_COMPILER-ADVANCED:INTERNAL=1
//ADVANCED property for variable: CMAKE_CXX_COMPILER_AR
CMAKE_CXX_COMPILER_AR-ADVANCED:INTERNAL=1
//ADVANCED property for variable: CMAKE_CXX_COMPILER_RANLIB
CMAKE_CXX_COMPILER_RANLIB-ADVANCED:INTERNAL=1
//ADVANCED property for variable: CMAKE_CXX_FLAGS
CMAKE_CXX_FLAGS-ADVANCED:INTERNAL=1
//ADVANCED property for variable: CMAKE_CXX_FLAGS_DEBUG
CMAKE_CXX_FLAGS_DEBUG-ADVANCED:INTERNAL=1
//ADVANCED property for variable: CMAKE_CXX_FLAGS_MINSIZEREL
CMAKE_CXX_FLAGS_MINSIZEREL-ADVANCED:INTERNAL=1
//ADVANCED property for variable: CMAKE_CXX_FLAGS_RELEASE
CMAKE_CXX_FLAGS_RELEASE-ADVANCED:INTERNAL=1
//ADVANCED property for variable: CMAKE_CXX_FLAGS_RELWITHDEBINFO
CMAKE_CXX_FLAGS_RELWITHDEBINFO-ADVANCED:INTERNAL=1
//ADVANCED property for variable: CMAKE_C_COMPILER
CMAKE_C_COMPILER-ADVANCED:INTERNAL=1
//ADVANCED property for variable: CMAKE_C_COMPILER_AR
CMAKE_C_COMPILER_AR-ADVANCED:INTERNAL=1
//ADVANCED property for variable: CMAKE_C_COMPILER_RANLIB
CMAKE_C_COMPILER_RANLIB-ADVANCED:INTERNAL=1
//ADVANCED property for variable: CMAKE_C_FLAGS
CMAKE_C_FLAGS-ADVANCED:INTERNAL=1
//ADVANCED property for variable: CMAKE_C_FLAGS_DEBUG
CMAKE_C_FLAGS_DEBUG-ADVANCED:INTERNAL=1
//ADVANCED property for variable: CMAKE_C_FLAGS_MINSIZEREL
CMAKE_C_FLAGS_MINSIZEREL-ADVANCED:INTERNAL=1
//ADVANCED property for variable: CMAKE_C_FLAGS_RELEASE
CMAKE_C_FLAGS_RELEASE-ADVANCED:INTERNAL=1
//ADVANCED property for variable: CMAKE_C_FLAGS_RELWITHDEBINFO
CMAKE_C_FLAGS_RELWITHDEBINFO-ADVANCED:INTERNAL=1
//ADVANCED property for variable: CMAKE_DLLTOOL
CMAKE_DLLTOOL-ADVANCED:INTERNAL=1
//Executable file format
CMAKE_EXECUTABLE_FORMAT:INTERNAL=ELF
//ADVANCED property for variable: CMAKE_EXE_LINKER_FLAGS
CMAKE_EXE_LINKER_FLAGS-ADVANCED:INTERNAL=1
//ADVANCED property for variable: CMAKE_EXE_LINKER_FLAGS_DEBUG
CMAKE_EXE_LINKER_FLAGS_DEBUG-ADVANCED:INTERNAL=1
//ADVANCED property for variable: CMAKE_EXE_LINKER_FLAGS_MINSIZEREL
CMAKE_EXE_LINKER_FLAGS_MINSIZEREL-ADVANCED:INTERNAL=1
//ADVANCED property for variable: CMAKE_EXE_LINKER_FLAGS_RELEASE
CMAKE_EXE_LINKER_FLAGS_RELEASE-ADVANCED:INTERNAL=1
//ADVANCED property for variable: CMAKE_EXE_LINKER_FLAGS_RELWITHDEBINFO
CMAKE_EXE_LINKER_FLAGS_RELWITHDEBINFO-ADVANCED:INTERNAL=1
//ADVANCED property for variable: CMAKE_EXPORT_COMPILE_COMMANDS
CMAKE_EXPORT_COMPILE_COMMANDS-ADVANCED:INTERNAL=1
//Name of external makefile project generator.
CMAKE_EXTRA_GENERATOR:INTERNAL=
//Name of generator.
CMAKE_GENERATOR:INTERNAL=Ninja
//Generator instance identifier.
CMAKE_GENERATOR_INSTANCE:INTERNAL=
//Name of generator platform.
CMAKE_GENERATOR_PLATFORM:INTERNAL=
//Name of generator toolset.
CMAKE_GENERATOR_TOOLSET:INTERNAL=
//Source directory with the top level CMakeLists.txt file for this
// project
CMAKE_HOME_DIRECTORY:INTERNAL=/home/anerruption/Desktop/Coding/tenacity
//ADVANCED property for variable: CMAKE_INSTALL_BINDIR
CMAKE_INSTALL_BINDIR-ADVANCED:INTERNAL=1
//ADVANCED property for variable: CMAKE_INSTALL_DATADIR
CMAKE_INSTALL_DATADIR-ADVANCED:INTERNAL=1
//ADVANCED property for variable: CMAKE_INSTALL_DATAROOTDIR
CMAKE_INSTALL_DATAROOTDIR-ADVANCED:INTERNAL=1
//ADVANCED property for variable: CMAKE_INSTALL_DOCDIR
CMAKE_INSTALL_DOCDIR-ADVANCED:INTERNAL=1
//ADVANCED property for variable: CMAKE_INSTALL_INCLUDEDIR
CMAKE_INSTALL_INCLUDEDIR-ADVANCED:INTERNAL=1
//ADVANCED property for variable: CMAKE_INSTALL_INFODIR
CMAKE_INSTALL_INFODIR-ADVANCED:INTERNAL=1
//ADVANCED property for variable: CMAKE_INSTALL_LIBDIR
CMAKE_INSTALL_LIBDIR-ADVANCED:INTERNAL=1
//ADVANCED property for variable: CMAKE_INSTALL_LIBEXECDIR
CMAKE_INSTALL_LIBEXECDIR-ADVANCED:INTERNAL=1
//ADVANCED property for variable: CMAKE_INSTALL_LOCALEDIR
CMAKE_INSTALL_LOCALEDIR-ADVANCED:INTERNAL=1
//ADVANCED property for variable: CMAKE_INSTALL_LOCALSTATEDIR
CMAKE_INSTALL_LOCALSTATEDIR-ADVANCED:INTERNAL=1
//ADVANCED property for variable: CMAKE_INSTALL_MANDIR
CMAKE_INSTALL_MANDIR-ADVANCED:INTERNAL=1
//ADVANCED property for variable: CMAKE_INSTALL_OLDINCLUDEDIR
CMAKE_INSTALL_OLDINCLUDEDIR-ADVANCED:INTERNAL=1
//ADVANCED property for variable: CMAKE_INSTALL_RUNSTATEDIR
CMAKE_INSTALL_RUNSTATEDIR-ADVANCED:INTERNAL=1
//ADVANCED property for variable: CMAKE_INSTALL_SBINDIR
CMAKE_INSTALL_SBINDIR-ADVANCED:INTERNAL=1
//ADVANCED property for variable: CMAKE_INSTALL_SHAREDSTATEDIR
CMAKE_INSTALL_SHAREDSTATEDIR-ADVANCED:INTERNAL=1
//Install .so files without execute permission.
CMAKE_INSTALL_SO_NO_EXE:INTERNAL=0
//ADVANCED property for variable: CMAKE_INSTALL_SYSCONFDIR
CMAKE_INSTALL_SYSCONFDIR-ADVANCED:INTERNAL=1
//ADVANCED property for variable: CMAKE_LINKER
CMAKE_LINKER-ADVANCED:INTERNAL=1
//ADVANCED property for variable: CMAKE_MODULE_LINKER_FLAGS
CMAKE_MODULE_LINKER_FLAGS-ADVANCED:INTERNAL=1
//ADVANCED property for variable: CMAKE_MODULE_LINKER_FLAGS_DEBUG
CMAKE_MODULE_LINKER_FLAGS_DEBUG-ADVANCED:INTERNAL=1
//ADVANCED property for variable: CMAKE_MODULE_LINKER_FLAGS_MINSIZEREL
CMAKE_MODULE_LINKER_FLAGS_MINSIZEREL-ADVANCED:INTERNAL=1
//ADVANCED property for variable: CMAKE_MODULE_LINKER_FLAGS_RELEASE
CMAKE_MODULE_LINKER_FLAGS_RELEASE-ADVANCED:INTERNAL=1
//ADVANCED property for variable: CMAKE_MODULE_LINKER_FLAGS_RELWITHDEBINFO
CMAKE_MODULE_LINKER_FLAGS_RELWITHDEBINFO-ADVANCED:INTERNAL=1
//ADVANCED property for variable: CMAKE_NM
CMAKE_NM-ADVANCED:INTERNAL=1
//number of local generators
CMAKE_NUMBER_OF_MAKEFILES:INTERNAL=1
//ADVANCED property for variable: CMAKE_OBJCOPY
CMAKE_OBJCOPY-ADVANCED:INTERNAL=1
//ADVANCED property for variable: CMAKE_OBJDUMP
CMAKE_OBJDUMP-ADVANCED:INTERNAL=1
//Platform information initialized
CMAKE_PLATFORM_INFO_INITIALIZED:INTERNAL=1
//ADVANCED property for variable: CMAKE_RANLIB
CMAKE_RANLIB-ADVANCED:INTERNAL=1
//ADVANCED property for variable: CMAKE_READELF
CMAKE_READELF-ADVANCED:INTERNAL=1
//Path to CMake installation.
CMAKE_ROOT:INTERNAL=/home/anerruption/.local/share/JetBrains/Toolbox/apps/CLion/ch-0/231.9161.40/bin/cmake/linux/x64/share/cmake-3.25
//ADVANCED property for variable: CMAKE_SHARED_LINKER_FLAGS
CMAKE_SHARED_LINKER_FLAGS-ADVANCED:INTERNAL=1
//ADVANCED property for variable: CMAKE_SHARED_LINKER_FLAGS_DEBUG
CMAKE_SHARED_LINKER_FLAGS_DEBUG-ADVANCED:INTERNAL=1
//ADVANCED property for variable: CMAKE_SHARED_LINKER_FLAGS_MINSIZEREL
CMAKE_SHARED_LINKER_FLAGS_MINSIZEREL-ADVANCED:INTERNAL=1
//ADVANCED property for variable: CMAKE_SHARED_LINKER_FLAGS_RELEASE
CMAKE_SHARED_LINKER_FLAGS_RELEASE-ADVANCED:INTERNAL=1
//ADVANCED property for variable: CMAKE_SHARED_LINKER_FLAGS_RELWITHDEBINFO
CMAKE_SHARED_LINKER_FLAGS_RELWITHDEBINFO-ADVANCED:INTERNAL=1
//ADVANCED property for variable: CMAKE_SKIP_INSTALL_RPATH
CMAKE_SKIP_INSTALL_RPATH-ADVANCED:INTERNAL=1
//ADVANCED property for variable: CMAKE_SKIP_RPATH
CMAKE_SKIP_RPATH-ADVANCED:INTERNAL=1
//ADVANCED property for variable: CMAKE_STATIC_LINKER_FLAGS
CMAKE_STATIC_LINKER_FLAGS-ADVANCED:INTERNAL=1
//ADVANCED property for variable: CMAKE_STATIC_LINKER_FLAGS_DEBUG
CMAKE_STATIC_LINKER_FLAGS_DEBUG-ADVANCED:INTERNAL=1
//ADVANCED property for variable: CMAKE_STATIC_LINKER_FLAGS_MINSIZEREL
CMAKE_STATIC_LINKER_FLAGS_MINSIZEREL-ADVANCED:INTERNAL=1
//ADVANCED property for variable: CMAKE_STATIC_LINKER_FLAGS_RELEASE
CMAKE_STATIC_LINKER_FLAGS_RELEASE-ADVANCED:INTERNAL=1
//ADVANCED property for variable: CMAKE_STATIC_LINKER_FLAGS_RELWITHDEBINFO
CMAKE_STATIC_LINKER_FLAGS_RELWITHDEBINFO-ADVANCED:INTERNAL=1
//ADVANCED property for variable: CMAKE_STRIP
CMAKE_STRIP-ADVANCED:INTERNAL=1
//uname command
CMAKE_UNAME:INTERNAL=/usr/bin/uname
//ADVANCED property for variable: CMAKE_VERBOSE_MAKEFILE
CMAKE_VERBOSE_MAKEFILE-ADVANCED:INTERNAL=1
//ADVANCED property for variable: EXPAT_INCLUDE_DIR
EXPAT_INCLUDE_DIR-ADVANCED:INTERNAL=1
//ADVANCED property for variable: EXPAT_LIBRARY
EXPAT_LIBRARY-ADVANCED:INTERNAL=1
//Details about finding EXPAT
FIND_PACKAGE_MESSAGE_DETAILS_EXPAT:INTERNAL=[/usr/lib64/libexpat.so][/usr/include][v2.5.0()]
//Details about finding Git
FIND_PACKAGE_MESSAGE_DETAILS_Git:INTERNAL=[/usr/bin/git][v2.41.0()]
//Details about finding Python3
FIND_PACKAGE_MESSAGE_DETAILS_Python3:INTERNAL=[/usr/bin/python3.11][cfound components: Interpreter ][v3.11.4()]
//Details about finding SndFile
FIND_PACKAGE_MESSAGE_DETAILS_SndFile:INTERNAL=[/usr/lib64/libsndfile.so][/usr/include][v()]
//Details about finding ZLIB
FIND_PACKAGE_MESSAGE_DETAILS_ZLIB:INTERNAL=[/usr/lib/libz.so][/usr/include][v1.2.13()]
//Details about finding mp3lame
FIND_PACKAGE_MESSAGE_DETAILS_mp3lame:INTERNAL=[/usr/lib/libmp3lame.so][/usr/include][v()]
//ADVANCED property for variable: GIT_EXECUTABLE
GIT_EXECUTABLE-ADVANCED:INTERNAL=1
//Have include assert.h
HAVE_ASSERT_H:INTERNAL=1
//Have include byteswap.h
HAVE_BYTESWAP_H:INTERNAL=1
//Have include errno.h
HAVE_ERRNO_H:INTERNAL=1
//Have include fcntl.h
HAVE_FCNTL_H:INTERNAL=1
//Have include fenv.h
HAVE_FENV_H:INTERNAL=1
//Have symbol fileno
HAVE_FILENO:INTERNAL=1
//Have symbol flock
HAVE_FLOCK:INTERNAL=1
//Have symbol fork
HAVE_FORK:INTERNAL=1
//Have symbol fsync
HAVE_FSYNC:INTERNAL=1
//Have symbol ftruncate
HAVE_FTRUNCATE:INTERNAL=1
//Have symbol getpagesize
HAVE_GETPAGESIZE:INTERNAL=1
//Have symbol gettimeofday
HAVE_GETTIMEOFDAY:INTERNAL=1
//Have symbol gmtime
HAVE_GMTIME:INTERNAL=1
//Have symbol gmtime_r
HAVE_GMTIME_R:INTERNAL=1
//Have include inttypes.h
HAVE_INTTYPES_H:INTERNAL=1
//Have library atomic
HAVE_LIBATOMIC:INTERNAL=1
//Have library m
HAVE_LIBM:INTERNAL=1
//Have include limits.h
HAVE_LIMITS_H:INTERNAL=1
//Have symbol lrint
HAVE_LRINT:INTERNAL=1
//Have symbol lrintf
HAVE_LRINTF:INTERNAL=1
//Have symbol lround
HAVE_LROUND:INTERNAL=1
//Have symbol lstat
HAVE_LSTAT:INTERNAL=1
//Have symbol memcpy
HAVE_MEMCPY:INTERNAL=1
//Have symbol memmove
HAVE_MEMMOVE:INTERNAL=1
//Have include memory.h
HAVE_MEMORY_H:INTERNAL=1
//Have symbol mlock
HAVE_MLOCK:INTERNAL=1
//Test HAVE_MMX
HAVE_MMX:INTERNAL=1
//Have symbol pipe
HAVE_PIPE:INTERNAL=1
//Have symbol posix_fadvise
HAVE_POSIX_FADVISE:INTERNAL=1
//Have symbol posix_memalign
HAVE_POSIX_MEMALIGN:INTERNAL=1
//Result of TRY_COMPILE
HAVE_SIZEOF_DOUBLE:INTERNAL=TRUE
//Result of TRY_COMPILE
HAVE_SIZEOF_FLOAT:INTERNAL=TRUE
//Result of TRY_COMPILE
HAVE_SIZEOF_INT:INTERNAL=TRUE
//Result of TRY_COMPILE
HAVE_SIZEOF_INT16:INTERNAL=TRUE
//Result of TRY_COMPILE
HAVE_SIZEOF_INT32:INTERNAL=TRUE
//Result of TRY_COMPILE
HAVE_SIZEOF_INT64:INTERNAL=TRUE
//Result of TRY_COMPILE
HAVE_SIZEOF_INT8:INTERNAL=TRUE
//Result of TRY_COMPILE
HAVE_SIZEOF_LOFF:INTERNAL=TRUE
//Result of TRY_COMPILE
HAVE_SIZEOF_LONG:INTERNAL=TRUE
//Result of TRY_COMPILE
HAVE_SIZEOF_LONG_DOUBLE:INTERNAL=TRUE
//Result of TRY_COMPILE
HAVE_SIZEOF_LONG_LONG:INTERNAL=TRUE
//Result of TRY_COMPILE
HAVE_SIZEOF_OFF:INTERNAL=TRUE
//Result of TRY_COMPILE
HAVE_SIZEOF_OFF64:INTERNAL=FALSE
//Result of TRY_COMPILE
HAVE_SIZEOF_POINTER:INTERNAL=TRUE
//Result of TRY_COMPILE
HAVE_SIZEOF_SHORT:INTERNAL=TRUE
//Result of TRY_COMPILE
HAVE_SIZEOF_SIZE:INTERNAL=TRUE
//Result of TRY_COMPILE
HAVE_SIZEOF_UINT16:INTERNAL=TRUE
//Result of TRY_COMPILE
HAVE_SIZEOF_UINT32:INTERNAL=TRUE
//Result of TRY_COMPILE
HAVE_SIZEOF_UNSIGNED_INT:INTERNAL=TRUE
//Result of TRY_COMPILE
HAVE_SIZEOF_UNSIGNED_LONG:INTERNAL=TRUE
//Result of TRY_COMPILE
HAVE_SIZEOF_UNSIGNED_LONG_LONG:INTERNAL=TRUE
//Result of TRY_COMPILE
HAVE_SIZEOF_UNSIGNED_SHORT:INTERNAL=TRUE
//Result of TRY_COMPILE
HAVE_SIZEOF_WCHAR:INTERNAL=TRUE
//Test HAVE_SSE
HAVE_SSE:INTERNAL=1
//Test HAVE_SSE2
HAVE_SSE2:INTERNAL=1
//Have include stdbool.h
HAVE_STDBOOL_H:INTERNAL=1
//Have include stddef.h
HAVE_STDDEF_H:INTERNAL=1
//Have include stdint.h
HAVE_STDINT_H:INTERNAL=1
//Have include stdlib.h
HAVE_STDLIB_H:INTERNAL=1
//Have symbol strchr
HAVE_STRCHR:INTERNAL=1
//Have include strings.h
HAVE_STRINGS_H:INTERNAL=1
//Have include string.h
HAVE_STRING_H:INTERNAL=1
//Have include sys/param.h
HAVE_SYS_PARAM_H:INTERNAL=1
//Have include sys/stat.h
HAVE_SYS_STAT_H:INTERNAL=1
//Have include sys/types.h
HAVE_SYS_TYPES_H:INTERNAL=1
//Have include sys/wait.h
HAVE_SYS_WAIT_H:INTERNAL=1
//Have include unistd.h
HAVE_UNISTD_H:INTERNAL=1
//Have symbol waitpid
HAVE_WAITPID:INTERNAL=1
//Have include xmmintrin.h
HAVE_XMMINTRIN_H:INTERNAL=1
MMX_FLAG:INTERNAL=
//ADVANCED property for variable: OPENGL_EGL_INCLUDE_DIR
OPENGL_EGL_INCLUDE_DIR-ADVANCED:INTERNAL=1
//ADVANCED property for variable: OPENGL_GLX_INCLUDE_DIR
OPENGL_GLX_INCLUDE_DIR-ADVANCED:INTERNAL=1
//ADVANCED property for variable: OPENGL_INCLUDE_DIR
OPENGL_INCLUDE_DIR-ADVANCED:INTERNAL=1
//ADVANCED property for variable: OPENGL_egl_LIBRARY
OPENGL_egl_LIBRARY-ADVANCED:INTERNAL=1
//ADVANCED property for variable: OPENGL_glu_LIBRARY
OPENGL_glu_LIBRARY-ADVANCED:INTERNAL=1
//ADVANCED property for variable: OPENGL_glx_LIBRARY
OPENGL_glx_LIBRARY-ADVANCED:INTERNAL=1
//ADVANCED property for variable: OPENGL_opengl_LIBRARY
OPENGL_opengl_LIBRARY-ADVANCED:INTERNAL=1
//ADVANCED property for variable: OPENGL_xmesa_INCLUDE_DIR
OPENGL_xmesa_INCLUDE_DIR-ADVANCED:INTERNAL=1
//Have include pa_jack.h
PA_USE_JACK:INTERNAL=
PC_EXPAT_CFLAGS:INTERNAL=
PC_EXPAT_CFLAGS_I:INTERNAL=
PC_EXPAT_CFLAGS_OTHER:INTERNAL=
PC_EXPAT_FOUND:INTERNAL=1
PC_EXPAT_INCLUDEDIR:INTERNAL=/usr/include
PC_EXPAT_INCLUDE_DIRS:INTERNAL=
PC_EXPAT_LDFLAGS:INTERNAL=-L/usr/lib64;-lexpat
PC_EXPAT_LDFLAGS_OTHER:INTERNAL=
PC_EXPAT_LIBDIR:INTERNAL=/usr/lib64
PC_EXPAT_LIBRARIES:INTERNAL=expat
PC_EXPAT_LIBRARY_DIRS:INTERNAL=/usr/lib64
PC_EXPAT_LIBS:INTERNAL=
PC_EXPAT_LIBS_L:INTERNAL=
PC_EXPAT_LIBS_OTHER:INTERNAL=
PC_EXPAT_LIBS_PATHS:INTERNAL=
PC_EXPAT_MODULE_NAME:INTERNAL=expat
PC_EXPAT_PREFIX:INTERNAL=/usr
PC_EXPAT_STATIC_CFLAGS:INTERNAL=
PC_EXPAT_STATIC_CFLAGS_I:INTERNAL=
PC_EXPAT_STATIC_CFLAGS_OTHER:INTERNAL=
PC_EXPAT_STATIC_INCLUDE_DIRS:INTERNAL=
PC_EXPAT_STATIC_LDFLAGS:INTERNAL=-L/usr/lib64;-lexpat;-lm
PC_EXPAT_STATIC_LDFLAGS_OTHER:INTERNAL=
PC_EXPAT_STATIC_LIBDIR:INTERNAL=
PC_EXPAT_STATIC_LIBRARIES:INTERNAL=expat;m
PC_EXPAT_STATIC_LIBRARY_DIRS:INTERNAL=/usr/lib64
PC_EXPAT_STATIC_LIBS:INTERNAL=
PC_EXPAT_STATIC_LIBS_L:INTERNAL=
PC_EXPAT_STATIC_LIBS_OTHER:INTERNAL=
PC_EXPAT_STATIC_LIBS_PATHS:INTERNAL=
PC_EXPAT_VERSION:INTERNAL=2.5.0
PC_EXPAT_expat_INCLUDEDIR:INTERNAL=
PC_EXPAT_expat_LIBDIR:INTERNAL=
PC_EXPAT_expat_PREFIX:INTERNAL=
PC_EXPAT_expat_VERSION:INTERNAL=
PC_Soxr_CFLAGS:INTERNAL=
PC_Soxr_CFLAGS_I:INTERNAL=
PC_Soxr_CFLAGS_OTHER:INTERNAL=
PC_Soxr_FOUND:INTERNAL=
PC_Soxr_INCLUDEDIR:INTERNAL=
PC_Soxr_LIBDIR:INTERNAL=
PC_Soxr_LIBS:INTERNAL=
PC_Soxr_LIBS_L:INTERNAL=
PC_Soxr_LIBS_OTHER:INTERNAL=
PC_Soxr_LIBS_PATHS:INTERNAL=
PC_Soxr_MODULE_NAME:INTERNAL=
PC_Soxr_PREFIX:INTERNAL=
PC_Soxr_STATIC_CFLAGS:INTERNAL=
PC_Soxr_STATIC_CFLAGS_I:INTERNAL=
PC_Soxr_STATIC_CFLAGS_OTHER:INTERNAL=
PC_Soxr_STATIC_LIBDIR:INTERNAL=
PC_Soxr_STATIC_LIBS:INTERNAL=
PC_Soxr_STATIC_LIBS_L:INTERNAL=
PC_Soxr_STATIC_LIBS_OTHER:INTERNAL=
PC_Soxr_STATIC_LIBS_PATHS:INTERNAL=
PC_Soxr_VERSION:INTERNAL=
PC_Soxr_soxr_INCLUDEDIR:INTERNAL=
PC_Soxr_soxr_LIBDIR:INTERNAL=
PC_Soxr_soxr_PREFIX:INTERNAL=
PC_Soxr_soxr_VERSION:INTERNAL=
//ADVANCED property for variable: PKG_CONFIG_ARGN
PKG_CONFIG_ARGN-ADVANCED:INTERNAL=1
//ADVANCED property for variable: PKG_CONFIG_EXECUTABLE
PKG_CONFIG_EXECUTABLE-ADVANCED:INTERNAL=1
//ADVANCED property for variable: SCCACHE_PROGRAM
SCCACHE_PROGRAM-ADVANCED:INTERNAL=1
//CHECK_TYPE_SIZE: sizeof(double)
SIZEOF_DOUBLE:INTERNAL=8
//CHECK_TYPE_SIZE: sizeof(float)
SIZEOF_FLOAT:INTERNAL=4
//CHECK_TYPE_SIZE: sizeof(int)
SIZEOF_INT:INTERNAL=4
//CHECK_TYPE_SIZE: sizeof(int16_t)
SIZEOF_INT16:INTERNAL=2
//CHECK_TYPE_SIZE: sizeof(int32_t)
SIZEOF_INT32:INTERNAL=4
//CHECK_TYPE_SIZE: sizeof(int64_t)
SIZEOF_INT64:INTERNAL=8
//CHECK_TYPE_SIZE: sizeof(int8_t)
SIZEOF_INT8:INTERNAL=1
//CHECK_TYPE_SIZE: sizeof(loff_t)
SIZEOF_LOFF:INTERNAL=8
//CHECK_TYPE_SIZE: sizeof(long)
SIZEOF_LONG:INTERNAL=8
//CHECK_TYPE_SIZE: sizeof(long double)
SIZEOF_LONG_DOUBLE:INTERNAL=16
//CHECK_TYPE_SIZE: sizeof(long long)
SIZEOF_LONG_LONG:INTERNAL=8
//CHECK_TYPE_SIZE: sizeof(off_t)
SIZEOF_OFF:INTERNAL=8
//CHECK_TYPE_SIZE: off64_t unknown
SIZEOF_OFF64:INTERNAL=
//CHECK_TYPE_SIZE: sizeof(void*)
SIZEOF_POINTER:INTERNAL=8
//CHECK_TYPE_SIZE: sizeof(short)
SIZEOF_SHORT:INTERNAL=2
//CHECK_TYPE_SIZE: sizeof(size_t)
SIZEOF_SIZE:INTERNAL=8
//CHECK_TYPE_SIZE: sizeof(uint16_t)
SIZEOF_UINT16:INTERNAL=2
//CHECK_TYPE_SIZE: sizeof(uint32_t)
SIZEOF_UINT32:INTERNAL=4
//CHECK_TYPE_SIZE: sizeof(unsigned int)
SIZEOF_UNSIGNED_INT:INTERNAL=4
//CHECK_TYPE_SIZE: sizeof(unsigned long)
SIZEOF_UNSIGNED_LONG:INTERNAL=8
//CHECK_TYPE_SIZE: sizeof(unsigned long long)
SIZEOF_UNSIGNED_LONG_LONG:INTERNAL=8
//CHECK_TYPE_SIZE: sizeof(unsigned short)
SIZEOF_UNSIGNED_SHORT:INTERNAL=2
//CHECK_TYPE_SIZE: sizeof(wchar_t)
SIZEOF_WCHAR:INTERNAL=4
SSE_FLAG:INTERNAL=
//Have include float.h;stdarg.h;stdlib.h;string.h
STDC_HEADERS:INTERNAL=1
SndFile_CFLAGS:INTERNAL=-I/usr/include/opus
SndFile_CFLAGS_I:INTERNAL=
SndFile_CFLAGS_OTHER:INTERNAL=
SndFile_FOUND:INTERNAL=1
SndFile_INCLUDEDIR:INTERNAL=/usr/include
SndFile_INCLUDE_DIRS:INTERNAL=/usr/include/opus
SndFile_LDFLAGS:INTERNAL=-L/usr/lib64;-lsndfile
SndFile_LDFLAGS_OTHER:INTERNAL=
SndFile_LIBDIR:INTERNAL=/usr/lib64
SndFile_LIBRARIES:INTERNAL=sndfile
SndFile_LIBRARY_DIRS:INTERNAL=/usr/lib64
SndFile_LIBS:INTERNAL=
SndFile_LIBS_L:INTERNAL=
SndFile_LIBS_OTHER:INTERNAL=
SndFile_LIBS_PATHS:INTERNAL=
SndFile_MODULE_NAME:INTERNAL=sndfile
SndFile_PREFIX:INTERNAL=/usr
SndFile_STATIC_CFLAGS:INTERNAL=-I/usr/include/opus
SndFile_STATIC_CFLAGS_I:INTERNAL=
SndFile_STATIC_CFLAGS_OTHER:INTERNAL=
SndFile_STATIC_INCLUDE_DIRS:INTERNAL=/usr/include/opus
SndFile_STATIC_LDFLAGS:INTERNAL=-L/usr/lib64;-L/usr/lib;-L/usr/lib64;-L/usr/lib;-L/usr/lib64;-lsndfile;-lmp3lame;-lFLAC;-lm;-lvorbisenc;-lvorbis;-lm;-logg;-lopus;-lm;-lmpg123;-lm
SndFile_STATIC_LDFLAGS_OTHER:INTERNAL=
SndFile_STATIC_LIBDIR:INTERNAL=
SndFile_STATIC_LIBRARIES:INTERNAL=sndfile;mp3lame;FLAC;m;vorbisenc;vorbis;m;ogg;opus;m;mpg123;m
SndFile_STATIC_LIBRARY_DIRS:INTERNAL=/usr/lib64;/usr/lib;/usr/lib64;/usr/lib;/usr/lib64
SndFile_STATIC_LIBS:INTERNAL=
SndFile_STATIC_LIBS_L:INTERNAL=
SndFile_STATIC_LIBS_OTHER:INTERNAL=
SndFile_STATIC_LIBS_PATHS:INTERNAL=
SndFile_VERSION:INTERNAL=1.2.0
SndFile_sndfile_INCLUDEDIR:INTERNAL=
SndFile_sndfile_LIBDIR:INTERNAL=
SndFile_sndfile_PREFIX:INTERNAL=
SndFile_sndfile_VERSION:INTERNAL=
//ADVANCED property for variable: Soxr_INCLUDE_DIR
Soxr_INCLUDE_DIR-ADVANCED:INTERNAL=1
//ADVANCED property for variable: Soxr_LIBRARY
Soxr_LIBRARY-ADVANCED:INTERNAL=1
//ADVANCED property for variable: ZLIB_INCLUDE_DIR
ZLIB_INCLUDE_DIR-ADVANCED:INTERNAL=1
//ADVANCED property for variable: ZLIB_LIBRARY_DEBUG
ZLIB_LIBRARY_DEBUG-ADVANCED:INTERNAL=1
//ADVANCED property for variable: ZLIB_LIBRARY_RELEASE
ZLIB_LIBRARY_RELEASE-ADVANCED:INTERNAL=1
//linker supports push/pop state
_CMAKE_LINKER_PUSHPOP_STATE_SUPPORTED:INTERNAL=TRUE
//CMAKE_INSTALL_PREFIX during last run
_GNUInstallDirs_LAST_CMAKE_INSTALL_PREFIX:INTERNAL=/usr/local
//Compiler reason failure
_Python3_Compiler_REASON_FAILURE:INTERNAL=
//Development reason failure
_Python3_Development_REASON_FAILURE:INTERNAL=
//Path to a program.
_Python3_EXECUTABLE:INTERNAL=/usr/bin/python3.11
//Python3 Properties
_Python3_INTERPRETER_PROPERTIES:INTERNAL=Python;3;11;4;64;;cpython-311-x86_64-linux-gnu;/usr/lib/python3.11;/usr/lib/python3.11;/usr/lib/python3.11/site-packages;/usr/lib/python3.11/site-packages
_Python3_INTERPRETER_SIGNATURE:INTERNAL=9706960aa2a868136534c4a00c8f3e22
//NumPy reason failure
_Python3_NumPy_REASON_FAILURE:INTERNAL=
__pkg_config_arguments_PC_EXPAT:INTERNAL=QUIET;expat
__pkg_config_arguments_SndFile:INTERNAL=QUIET;sndfile
__pkg_config_checked_PC_EXPAT:INTERNAL=1
__pkg_config_checked_PC_Soxr:INTERNAL=1
__pkg_config_checked_SndFile:INTERNAL=1
//ADVANCED property for variable: mp3lame_INCLUDE_DIR
mp3lame_INCLUDE_DIR-ADVANCED:INTERNAL=1
//ADVANCED property for variable: mp3lame_LIBRARY
mp3lame_LIBRARY-ADVANCED:INTERNAL=1
//ADVANCED property for variable: pkgcfg_lib_PC_EXPAT_expat
pkgcfg_lib_PC_EXPAT_expat-ADVANCED:INTERNAL=1
//ADVANCED property for variable: pkgcfg_lib_SndFile_sndfile
pkgcfg_lib_SndFile_sndfile-ADVANCED:INTERNAL=1
prefix_result:INTERNAL=/usr/lib64

